<?xml version="1.0" encoding="UTF-8"?>
<testsuite xmlns:xsi="http://www.w3.org/2001/XMLSchema-instance" xsi:noNamespaceSchemaLocation="https://maven.apache.org/surefire/maven-surefire-plugin/xsd/surefire-test-report.xsd" version="3.0.2" name="com.demo.online_banking_system.OnlineBankingSystemApplicationTests" time="1.466" tests="1" errors="0" skipped="0" failures="0">
  <properties>
[...]
</properties>
  <testcase name="contextLoads" classname="com.demo.online_banking_system.OnlineBankingSystemApplicationTests" time="0.238">
    <system-out><![CDATA[20:25:18.060 [main] INFO org.springframework.test.context.support.AnnotationConfigContextLoaderUtils -- Could not detect default configuration classes for test class [com.demo.online_banking_system.OnlineBankingSystemApplicationTests]: OnlineBankingSystemApplicationTests does not declare any static, non-private, non-final, nested classes annotated with @Configuration.
20:25:18.097 [main] INFO org.springframework.boot.test.context.SpringBootTestContextBootstrapper -- Found @SpringBootConfiguration com.demo.online_banking_system.OnlineBankingSystemApplication for test class com.demo.online_banking_system.OnlineBankingSystemApplicationTests

  .   ____          _            __ _ _
 /\\ / ___'_ __ _ _(_)_ __  __ _ \ \ \ \
( ( )\___ | '_ | '_| | '_ \/ _` | \ \ \ \
 \\/  ___)| |_)| | | | | || (_| |  ) ) ) )
  '  |____| .__|_| |_|_| |_\__, | / / / /
 =========|_|==============|___/=/_/_/_/

 :: Spring Boot ::                (v3.5.5)

2025-08-21T20:25:18.209-04:00  INFO 7414 --- [online-banking-system] [           main] .d.o.OnlineBankingSystemApplicationTests : Starting OnlineBankingSystemApplicationTests using Java 24.0.1 with PID 7414 (started by denapatel in /Users/denapatel/Java/online-banking-system)
2025-08-21T20:25:18.210-04:00  INFO 7414 --- [online-banking-system] [           main] .d.o.OnlineBankingSystemApplicationTests : No active profile set, falling back to 1 default profile: "default"
2025-08-21T20:25:18.410-04:00  INFO 7414 --- [online-banking-system] [           main] .s.d.r.c.RepositoryConfigurationDelegate : Bootstrapping Spring Data JPA repositories in DEFAULT mode.
2025-08-21T20:25:18.416-04:00  INFO 7414 --- [online-banking-system] [           main] .s.d.r.c.RepositoryConfigurationDelegate : Finished Spring Data repository scanning in 3 ms. Found 0 JPA repository interfaces.
2025-08-21T20:25:18.536-04:00  INFO 7414 --- [online-banking-system] [           main] com.zaxxer.hikari.HikariDataSource       : HikariPool-1 - Starting...
2025-08-21T20:25:18.677-04:00  INFO 7414 --- [online-banking-system] [           main] com.zaxxer.hikari.pool.HikariPool        : HikariPool-1 - Added connection com.mysql.cj.jdbc.ConnectionImpl@3e5beab5
2025-08-21T20:25:18.677-04:00  INFO 7414 --- [online-banking-system] [           main] com.zaxxer.hikari.HikariDataSource       : HikariPool-1 - Start completed.
2025-08-21T20:25:18.702-04:00  INFO 7414 --- [online-banking-system] [           main] o.hibernate.jpa.internal.util.LogHelper  : HHH000204: Processing PersistenceUnitInfo [name: default]
2025-08-21T20:25:18.714-04:00  INFO 7414 --- [online-banking-system] [           main] org.hibernate.Version                    : HHH000412: Hibernate ORM core version 6.6.26.Final
2025-08-21T20:25:18.721-04:00  INFO 7414 --- [online-banking-system] [           main] o.h.c.internal.RegionFactoryInitiator    : HHH000026: Second-level cache disabled
2025-08-21T20:25:18.789-04:00  INFO 7414 --- [online-banking-system] [           main] o.s.o.j.p.SpringPersistenceUnitInfo      : No LoadTimeWeaver setup: ignoring JPA class transformer
2025-08-21T20:25:18.822-04:00  INFO 7414 --- [online-banking-system] [           main] org.hibernate.orm.connections.pooling    : HHH10001005: Database info:
	Database JDBC URL [Connecting through datasource 'HikariDataSource (HikariPool-1)']
	Database driver: undefined/unknown
	Database version: 9.4
	Autocommit mode: undefined/unknown
	Isolation level: undefined/unknown
	Minimum pool size: undefined/unknown
	Maximum pool size: undefined/unknown
2025-08-21T20:25:18.991-04:00  INFO 7414 --- [online-banking-system] [           main] o.h.e.t.j.p.i.JtaPlatformInitiator       : HHH000489: No JTA platform available (set 'hibernate.transaction.jta.platform' to enable JTA platform integration)
2025-08-21T20:25:18.993-04:00  INFO 7414 --- [online-banking-system] [           main] j.LocalContainerEntityManagerFactoryBean : Initialized JPA EntityManagerFactory for persistence unit 'default'
2025-08-21T20:25:19.036-04:00  WARN 7414 --- [online-banking-system] [           main] JpaBaseConfiguration$JpaWebConfiguration : spring.jpa.open-in-view is enabled by default. Therefore, database queries may be performed during view rendering. Explicitly configure spring.jpa.open-in-view to disable this warning
2025-08-21T20:25:19.218-04:00  WARN 7414 --- [online-banking-system] [           main] .s.s.UserDetailsServiceAutoConfiguration : 

Using generated security password: 2f14cace-fd4e-4533-b880-21450ea0ba68

This generated password is for development use only. Your security configuration must be updated before running your application in production.

2025-08-21T20:25:19.220-04:00  INFO 7414 --- [online-banking-system] [           main] r$InitializeUserDetailsManagerConfigurer : Global AuthenticationManager configured with UserDetailsService bean with name inMemoryUserDetailsManager
2025-08-21T20:25:19.258-04:00  INFO 7414 --- [online-banking-system] [           main] .d.o.OnlineBankingSystemApplicationTests : Started OnlineBankingSystemApplicationTests in 1.121 seconds (process running for 1.416)
2025-08-21T20:25:19.259-04:00  INFO 7414 --- [online-banking-system] [           main] o.s.b.a.b.JobLauncherApplicationRunner   : Running default command line with: []
]]></system-out>
    <system-err><![CDATA[Mockito is currently self-attaching to enable the inline-mock-maker. This will no longer work in future releases of the JDK. Please add Mockito as an agent to your build as described in Mockito's documentation: https://javadoc.io/doc/org.mockito/mockito-core/latest/org.mockito/org/mockito/Mockito.html#0.3
WARNING: A Java agent has been loaded dynamically (/Users/denapatel/.m2/repository/net/bytebuddy/byte-buddy-agent/1.17.7/byte-buddy-agent-1.17.7.jar)
WARNING: If a serviceability tool is in use, please run with -XX:+EnableDynamicAgentLoading to hide this warning
WARNING: If a serviceability tool is not in use, please run with -Djdk.instrument.traceUsage for more information
WARNING: Dynamic loading of agents will be disallowed by default in a future release
]]></system-err>
  </testcase>
</testsuite>